<?xml version="1.0" encoding="UTF-8"?>
<beans xmlns="http://www.springframework.org/schema/beans"
	xmlns:xsi="http://www.w3.org/2001/XMLSchema-instance" xmlns:p="http://www.springframework.org/schema/p"
	xmlns:context="http://www.springframework.org/schema/context"
	xmlns:mvc="http://www.springframework.org/schema/mvc" xmlns:aop="http://www.springframework.org/schema/aop" 					
   	xsi:schemaLocation="http://www.springframework.org/schema/beans
					    http://www.springframework.org/schema/beans/spring-beans-4.1.xsd
					    http://www.springframework.org/schema/context
					    http://www.springframework.org/schema/context/spring-context-4.1.xsd
					    http://www.springframework.org/schema/mvc  
					    http://www.springframework.org/schema/mvc/spring-mvc-4.1.xsd
					    http://www.springframework.org/schema/aop
					    http://www.springframework.org/schema/aop/spring-aop-4.1.xsd">
    
	<context:annotation-config />
	<context:component-scan base-package="cn.abcsys.cloud.devops.config">
		<context:include-filter type="annotation"
			expression="org.springframework.stereotype.Controller" />
	</context:component-scan>
	<!-- 解决中文乱码 -->
	<mvc:annotation-driven>
		<mvc:message-converters register-defaults="true">
			<bean class="org.springframework.http.converter.StringHttpMessageConverter">
				<property name="supportedMediaTypes" value="text/plain;charset=UTF-8" />
			</bean>
		</mvc:message-converters>
	</mvc:annotation-driven>
	<mvc:interceptors>
		<mvc:interceptor>  
        	<mvc:mapping path="/**"/>  
         	<!-- 国际化操作拦截器 如果采用基于（请求/Session/Cookie）则必需配置 --> 
    		<bean  id="localeChangeInterceptor"
    			 class="org.springframework.web.servlet.i18n.LocaleChangeInterceptor">
   	 			<property name="paramName" value="locale"/>
    		</bean>
    	</mvc:interceptor>  
		<mvc:interceptor>
			<mvc:mapping path="/**" />
			<bean class="cn.abcsys.cloud.devops.config.interceptor.AccessInterceptor">
			</bean>
		</mvc:interceptor>
	</mvc:interceptors>
	<!-- 激活自动代理 -->
	<aop:aspectj-autoproxy proxy-target-class="true" />
	<bean
		class="org.springframework.web.servlet.view.InternalResourceViewResolver">
		<property name="prefix" value="/WEB-INF/views/" />
		<property name="suffix" value=".jsp" />
	</bean>
	<bean
		class="org.springframework.web.servlet.view.ContentNegotiatingViewResolver"
		p:order="1">
		<property name="defaultViews">
			<list>
				<bean
					class="org.springframework.web.servlet.view.json.MappingJackson2JsonView"></bean>
			</list>
		</property>
	</bean>
	<bean
		class="org.springframework.web.servlet.mvc.annotation.AnnotationMethodHandlerAdapter">
		<property name="messageConverters">
			<list>
				<ref bean="mappingJacksonHttpMessageConverter" />
				<ref bean="stringHttpMessageConverter" />
			</list>
		</property>
	</bean>
	<bean id="mappingJacksonHttpMessageConverter"
		class="org.springframework.http.converter.json.MappingJackson2HttpMessageConverter">
		<property name="supportedMediaTypes">
			<list>
				<value>text/html;charset=UTF-8</value>
			</list>
		</property>
	</bean>
	<bean id="stringHttpMessageConverter"
		class="org.springframework.http.converter.StringHttpMessageConverter" />
</beans>